<?xml version="1.0" encoding="UTF-8"?>
<Site BuildName="(empty)"
	BuildStamp="20231013-0022-Experimental"
	Name="cmarco-Precision-3551"
	Generator="ctest-3.22.1"
	CompilerName="/usr/bin/clang++-14"
	CompilerVersion="14.0.0"
	OSName="Linux"
	Hostname="cmarco-Precision-3551"
	OSRelease="6.2.0-34-generic"
	OSVersion="#34~22.04.1-Ubuntu SMP PREEMPT_DYNAMIC Thu Sep  7 13:12:03 UTC 2"
	OSPlatform="x86_64"
	Is64Bits="1"
	VendorString="GenuineIntel"
	VendorID="Intel Corporation"
	FamilyID="6"
	ModelID="165"
	ProcessorCacheSize="12288"
	NumberOfLogicalCPU="12"
	NumberOfPhysicalCPU="6"
	TotalVirtualMemory="2047"
	TotalPhysicalMemory="15586"
	LogicalProcessorsPerPhysical="2"
	ProcessorClockFrequency="900.004"
	>
	<Testing>
		<StartDateTime>Oct 12 20:22 EDT</StartDateTime>
		<StartTestTime>1697156556</StartTestTime>
		<TestList/>
		<EndDateTime>Oct 12 20:22 EDT</EndDateTime>
		<EndTestTime>1697156556</EndTestTime>
		<ElapsedMinutes>0</ElapsedMinutes>
	</Testing>
</Site>
