<?xml version="1.0" encoding="UTF-8"?>
<Site BuildName="(empty)"
	BuildStamp="20230927-1934-Experimental"
	Name="cmarco-Precision-3551"
	Generator="ctest-3.22.1"
	CompilerName="/usr/bin/clang++-14"
	CompilerVersion="14.0.0"
	OSName="Linux"
	Hostname="cmarco-Precision-3551"
	OSRelease="6.2.0-33-generic"
	OSVersion="#33~22.04.1-Ubuntu SMP PREEMPT_DYNAMIC Thu Sep  7 10:33:52 UTC 2"
	OSPlatform="x86_64"
	Is64Bits="1"
	VendorString="GenuineIntel"
	VendorID="Intel Corporation"
	FamilyID="6"
	ModelID="165"
	ProcessorCacheSize="12288"
	NumberOfLogicalCPU="12"
	NumberOfPhysicalCPU="6"
	TotalVirtualMemory="2047"
	TotalPhysicalMemory="15618"
	LogicalProcessorsPerPhysical="2"
	ProcessorClockFrequency="2600.41"
	>
	<Testing>
		<StartDateTime>Sep 27 15:34 EDT</StartDateTime>
		<StartTestTime>1695843255</StartTestTime>
		<TestList/>
		<EndDateTime>Sep 27 15:34 EDT</EndDateTime>
		<EndTestTime>1695843255</EndTestTime>
		<ElapsedMinutes>0</ElapsedMinutes>
	</Testing>
</Site>
